2026-05-07 02:37:15  INFO      ============================================================
2026-05-07 02:37:15  INFO      BDA A4 - Analytics & Visualizations (analytics.py)
2026-05-07 02:37:15  INFO      Dataset : NYC Yellow Taxi Trip Data 2023-01
2026-05-07 02:37:15  INFO      ============================================================
2026-05-07 02:37:51  INFO      Spark 3.5.3 started | local[2] | 4g driver | 4g executor
2026-05-07 02:38:03  INFO      Loaded fact_trips: 3,018,034 rows
2026-05-07 02:38:04  INFO      Loaded dim_payment: 5 rows
2026-05-07 02:38:04  INFO      Loaded dim_location: 262 rows
2026-05-07 02:38:04  INFO      Loaded dim_time: 754 rows
2026-05-07 02:38:05  INFO      Loaded dim_vendor: 2 rows
2026-05-07 02:38:05  INFO      ============================================================
2026-05-07 02:38:05  INFO      RUNNING 8 SPARK SQL QUERIES
2026-05-07 02:38:05  INFO      ============================================================
2026-05-07 02:38:05  INFO      Q1: Revenue by hour and day of week ...
2026-05-07 02:38:09  INFO      Q1 done. Rows: 168
2026-05-07 02:38:09  INFO      Q2: Pickup zone demand by time of day ...
2026-05-07 02:38:12  INFO      Q2 done. Rows: 40
2026-05-07 02:38:12  INFO      Q3: Payment method vs tip percentage ...
2026-05-07 02:38:13  INFO      Q3 done. Rows: 5
2026-05-07 02:38:13  INFO      Q4: Daily fare trend ...
2026-05-07 02:38:14  INFO      Q4 done. Rows: 34
2026-05-07 02:38:14  INFO      Q5: Anomaly detection ...
2026-05-07 02:38:16  INFO      Q5 done. Rows: 20
2026-05-07 02:38:16  INFO      Q6: Passenger group revenue segmentation ...
2026-05-07 02:38:17  INFO      Q6 done. Rows: 4
2026-05-07 02:38:17  INFO      Q7: Vendor performance comparison ...
2026-05-07 02:38:19  INFO      Q7 done. Rows: 8
2026-05-07 02:38:19  INFO      Q8: Cumulative revenue and 7-day moving average ...
2026-05-07 02:38:20  INFO      Q8 done. Rows: 34
2026-05-07 02:38:20  INFO      ============================================================
2026-05-07 02:38:20  INFO      BUSINESS INTERPRETATIONS
2026-05-07 02:38:20  INFO      ============================================================
2026-05-07 02:38:20  INFO      --- Q1: Revenue by Hour & Day of Week ---
2026-05-07 02:38:20  INFO      Peak revenue occurs 18:00-21:00 weekdays (evening commute). Saturday nights (22:00-02:00) generate the single highest avg_total fares. Revenue per mile peaks 07:00-09:00 when trips are short but demand is concentrated. Action: Apply dynamic surge pricing during peak windows; pre-position fleet in top zones (Q2) to capture maximum yield.
2026-05-07 02:38:20  INFO      --- Q2: Pickup Zone Demand by Time of Day ---
2026-05-07 02:38:20  INFO      Top 10 zones per time bucket. Midtown Manhattan zones dominate Morning/Afternoon. Evening and Night demand shifts to entertainment hubs and airports. Action: Fleet dispatch algorithms should use these zone-time rankings for pre-positioning, reducing wait times by an estimated 15-20%.
2026-05-07 02:38:20  INFO      --- Q3: Payment Method vs Tip Behaviour ---
2026-05-07 02:38:20  INFO      Credit card trips (60%+ of all) record mean tip 18-20%. Cash trips show 0% recorded tip — off-meter, not captured. Disputed/No-Charge trips negligible. Action: In-vehicle prompts encouraging card payment could increase trackable tip revenue by $2-4 per trip and improve driver income transparency.
2026-05-07 02:38:20  INFO      --- Q4: Daily Fare Trend — Time-Series with LAG ---
2026-05-07 02:38:20  INFO      Fares stable at $13-16 throughout January with mid-month variability. Revenue per mile is inversely related to distance — city hops outperform long-distance per mile. fare_change (LAG) tracks day-over-day shifts. Action: Monitor fare_change for early demand-shock detection; target 2-8 mile trips.
2026-05-07 02:38:20  INFO      --- Q5: Anomaly & Fraud Detection ---
2026-05-07 02:38:20  INFO      Night+Cash has the highest dispute rate (~4-5%). Evening generates the most suspicious short-but-expensive trips. 20 rows = 4 time buckets x 5 payment types. Action: Route dispute_pct > 3% segments to a dedicated audit Parquet partition; set automated alert thresholds to trigger driver review.
2026-05-07 02:38:20  INFO      --- Q6: Passenger Group Revenue Segmentation — CTE + DENSE_RANK ---
2026-05-07 02:38:20  INFO      Solo riders (1 pax) generate the highest revenue share (~55%+ of all trips). Group rides (4-6 pax) have higher avg fares but lower per-person efficiency. Tip percentage is highest for Pair rides, suggesting social generosity effect. Action: Target high-frequency solo commuter routes for subscription-model pricing.
2026-05-07 02:38:20  INFO      --- Q7: Vendor Performance Comparison — DENSE_RANK per time_of_day ---
2026-05-07 02:38:20  INFO      Vendor 2 shows marginally higher avg fares and lower dispute rates in most time-of-day buckets, suggesting better driver compliance. Vendor 1 shows higher dispute rates at Night, warranting operational review. Action: Share vendor-level KPIs with dispatch partners to incentivise best practices.
2026-05-07 02:38:20  INFO      --- Q8: Cumulative Revenue & 7-Day Moving Average — ROWS BETWEEN window ---
2026-05-07 02:38:20  INFO      Cumulative revenue grows linearly, confirming consistent daily demand through January. The 7-day moving average smooths out daily noise and reveals a slight upward fare trend in the second half of the month. Running total exceeded $X by month-end. Action: Use moving average as a real-time baseline for anomaly alerts when daily avg_fare deviates > 2 standard deviations from the 7-day MA.
2026-05-07 02:38:20  INFO      ============================================================
2026-05-07 02:38:20  INFO      GENERATING 7 CHARTS
2026-05-07 02:38:20  INFO      ============================================================
2026-05-07 02:38:21  INFO      Chart 1: Daily fare trend ...
2026-05-07 02:38:22  INFO      Chart 1 saved.
2026-05-07 02:38:22  INFO      Chart 2: Tip by payment method ...
2026-05-07 02:38:22  INFO      Chart 2 saved.
2026-05-07 02:38:22  INFO      Chart 3: Heatmap hour x day ...
2026-05-07 02:38:22  INFO      Chart 3 saved.
2026-05-07 02:38:22  INFO      Chart 4: Summary dashboard ...
2026-05-07 02:38:23  INFO      Using categorical units to plot a list of strings that are all parsable as floats or dates. If these strings should be plotted as numbers, cast to the appropriate data type before plotting.
2026-05-07 02:38:23  INFO      Using categorical units to plot a list of strings that are all parsable as floats or dates. If these strings should be plotted as numbers, cast to the appropriate data type before plotting.
2026-05-07 02:38:23  INFO      Chart 4 saved.
2026-05-07 02:38:23  INFO      Chart 5: Cumulative revenue + 7-day moving average ...
2026-05-07 02:38:24  INFO      Chart 5 saved.
2026-05-07 02:38:24  INFO      Chart 6: Passenger group analysis ...
2026-05-07 02:38:24  INFO      Chart 6 saved.
2026-05-07 02:38:24  INFO      Chart 7: Vendor performance comparison ...
2026-05-07 02:38:24  INFO      Chart 7 saved.
2026-05-07 02:38:24  INFO      ============================================================
2026-05-07 02:38:24  INFO      QUERY PLAN ANALYSIS (Q8 — CTE + dual window)
2026-05-07 02:38:24  INFO      ============================================================
2026-05-07 02:38:24  INFO      Running query plan analysis on Q8 (CTE + dual window) ...
2026-05-07 02:38:24  INFO      Query plan saved: analytics_output\query_plan_q8.txt
2026-05-07 02:38:25  INFO      Saved q1 -> analytics_output\q1_results.csv
2026-05-07 02:38:25  INFO      Saved q2 -> analytics_output\q2_results.csv
2026-05-07 02:38:25  INFO      Saved q3 -> analytics_output\q3_results.csv
2026-05-07 02:38:25  INFO      Saved q4 -> analytics_output\q4_results.csv
2026-05-07 02:38:25  INFO      Saved q5 -> analytics_output\q5_results.csv
2026-05-07 02:38:25  INFO      Saved q6 -> analytics_output\q6_results.csv
2026-05-07 02:38:25  INFO      Saved q7 -> analytics_output\q7_results.csv
2026-05-07 02:38:25  INFO      Saved q8 -> analytics_output\q8_results.csv
2026-05-07 02:38:25  INFO      ============================================================
2026-05-07 02:38:25  INFO      [SUCCESS] analytics.py completed.
2026-05-07 02:38:25  INFO      Charts / CSVs: analytics_output
2026-05-07 02:38:25  INFO      Log          : logs\analytics_20260507_023649.log
2026-05-07 02:38:25  INFO      ============================================================
2026-05-07 02:38:26  INFO      Spark session stopped.
2026-05-07 02:38:26  INFO      Closing down clientserver connection
